ERROR 2026-04-05 22:29:16,657 log 18532 9428 Internal Server Error: /api/quanta-chat/
Traceback (most recent call last):
  File "F:\saiha\alaina\saiha\views.py", line 147, in api_quanta_chat
    task_ids = agent.process_query(message)
               ^^^^^^^^^^^^^^^^^^^^^^^^^^^^
  File "F:\saiha\alaina\saiha\agents\analysis_agent.py", line 36, in process_query
    intents = analysis_planner.create_plan(query, schema_text)
              ^^^^^^^^^^^^^^^^^^^^^^^^^^^^^^^^^^^^^^^^^^^^^^^^
  File "F:\saiha\alaina\saiha\agents\analysis_planner.py", line 24, in create_plan
    tools_description = json.dumps(tools_meta, indent=2)
                        ^^^^^^^^^^^^^^^^^^^^^^^^^^^^^^^^
  File "C:\Users\Lenovo\AppData\Local\Programs\Python\Python311\Lib\json\__init__.py", line 238, in dumps
    **kw).encode(obj)
          ^^^^^^^^^^^
  File "C:\Users\Lenovo\AppData\Local\Programs\Python\Python311\Lib\json\encoder.py", line 202, in encode
    chunks = list(chunks)
             ^^^^^^^^^^^^
  File "C:\Users\Lenovo\AppData\Local\Programs\Python\Python311\Lib\json\encoder.py", line 430, in _iterencode
    yield from _iterencode_list(o, _current_indent_level)
  File "C:\Users\Lenovo\AppData\Local\Programs\Python\Python311\Lib\json\encoder.py", line 326, in _iterencode_list
    yield from chunks
  File "C:\Users\Lenovo\AppData\Local\Programs\Python\Python311\Lib\json\encoder.py", line 406, in _iterencode_dict
    yield from chunks
  File "C:\Users\Lenovo\AppData\Local\Programs\Python\Python311\Lib\json\encoder.py", line 439, in _iterencode
    o = _default(o)
        ^^^^^^^^^^^
  File "C:\Users\Lenovo\AppData\Local\Programs\Python\Python311\Lib\json\encoder.py", line 180, in default
    raise TypeError(f'Object of type {o.__class__.__name__} '
TypeError: Object of type property is not JSON serializable

During handling of the above exception, another exception occurred:

Traceback (most recent call last):
  File "F:\saiha\venv\Lib\site-packages\django\core\handlers\exception.py", line 55, in inner
    response = get_response(request)
               ^^^^^^^^^^^^^^^^^^^^^
  File "F:\saiha\venv\Lib\site-packages\django\core\handlers\base.py", line 197, in _get_response
    response = wrapped_callback(request, *callback_args, **callback_kwargs)
               ^^^^^^^^^^^^^^^^^^^^^^^^^^^^^^^^^^^^^^^^^^^^^^^^^^^^^^^^^^^^
  File "F:\saiha\venv\Lib\site-packages\django\views\decorators\csrf.py", line 65, in _view_wrapper
    return view_func(request, *args, **kwargs)
           ^^^^^^^^^^^^^^^^^^^^^^^^^^^^^^^^^^^
  File "F:\saiha\venv\Lib\site-packages\django\contrib\auth\decorators.py", line 59, in _view_wrapper
    return view_func(request, *args, **kwargs)
           ^^^^^^^^^^^^^^^^^^^^^^^^^^^^^^^^^^^
  File "F:\saiha\alaina\saiha\views.py", line 156, in api_quanta_chat
    logger.error(f"Chat API Error: {e}", exc_info=True)
    ^^^^^^
NameError: name 'logger' is not defined
ERROR 2026-04-05 22:30:31,492 log 18532 9428 Internal Server Error: /api/quanta-chat/
Traceback (most recent call last):
  File "F:\saiha\alaina\saiha\views.py", line 147, in api_quanta_chat
    task_ids = agent.process_query(message)
               ^^^^^^^^^^^^^^^^^^^^^^^^^^^^
  File "F:\saiha\alaina\saiha\agents\analysis_agent.py", line 36, in process_query
    intents = analysis_planner.create_plan(query, schema_text)
              ^^^^^^^^^^^^^^^^^^^^^^^^^^^^^^^^^^^^^^^^^^^^^^^^
  File "F:\saiha\alaina\saiha\agents\analysis_planner.py", line 24, in create_plan
    tools_description = json.dumps(tools_meta, indent=2)
                        ^^^^^^^^^^^^^^^^^^^^^^^^^^^^^^^^
  File "C:\Users\Lenovo\AppData\Local\Programs\Python\Python311\Lib\json\__init__.py", line 238, in dumps
    **kw).encode(obj)
          ^^^^^^^^^^^
  File "C:\Users\Lenovo\AppData\Local\Programs\Python\Python311\Lib\json\encoder.py", line 202, in encode
    chunks = list(chunks)
             ^^^^^^^^^^^^
  File "C:\Users\Lenovo\AppData\Local\Programs\Python\Python311\Lib\json\encoder.py", line 430, in _iterencode
    yield from _iterencode_list(o, _current_indent_level)
  File "C:\Users\Lenovo\AppData\Local\Programs\Python\Python311\Lib\json\encoder.py", line 326, in _iterencode_list
    yield from chunks
  File "C:\Users\Lenovo\AppData\Local\Programs\Python\Python311\Lib\json\encoder.py", line 406, in _iterencode_dict
    yield from chunks
  File "C:\Users\Lenovo\AppData\Local\Programs\Python\Python311\Lib\json\encoder.py", line 439, in _iterencode
    o = _default(o)
        ^^^^^^^^^^^
  File "C:\Users\Lenovo\AppData\Local\Programs\Python\Python311\Lib\json\encoder.py", line 180, in default
    raise TypeError(f'Object of type {o.__class__.__name__} '
TypeError: Object of type property is not JSON serializable

During handling of the above exception, another exception occurred:

Traceback (most recent call last):
  File "F:\saiha\venv\Lib\site-packages\django\core\handlers\exception.py", line 55, in inner
    response = get_response(request)
               ^^^^^^^^^^^^^^^^^^^^^
  File "F:\saiha\venv\Lib\site-packages\django\core\handlers\base.py", line 197, in _get_response
    response = wrapped_callback(request, *callback_args, **callback_kwargs)
               ^^^^^^^^^^^^^^^^^^^^^^^^^^^^^^^^^^^^^^^^^^^^^^^^^^^^^^^^^^^^
  File "F:\saiha\venv\Lib\site-packages\django\views\decorators\csrf.py", line 65, in _view_wrapper
    return view_func(request, *args, **kwargs)
           ^^^^^^^^^^^^^^^^^^^^^^^^^^^^^^^^^^^
  File "F:\saiha\venv\Lib\site-packages\django\contrib\auth\decorators.py", line 59, in _view_wrapper
    return view_func(request, *args, **kwargs)
           ^^^^^^^^^^^^^^^^^^^^^^^^^^^^^^^^^^^
  File "F:\saiha\alaina\saiha\views.py", line 156, in api_quanta_chat
    logger.error(f"Chat API Error: {e}", exc_info=True)
    ^^^^^^
NameError: name 'logger' is not defined
ERROR 2026-04-05 22:53:13,376 log 11732 19220 Internal Server Error: /api/chat-analysis/
Traceback (most recent call last):
  File "F:\saiha\alaina\saiha\views.py", line 148, in api_chat_analysis
    task_ids = agent.process_query(message)
               ^^^^^^^^^^^^^^^^^^^^^^^^^^^^
  File "F:\saiha\alaina\saiha\agents\analysis_agent.py", line 36, in process_query
    intents = analysis_planner.create_plan(query, schema_text)
              ^^^^^^^^^^^^^^^^^^^^^^^^^^^^^^^^^^^^^^^^^^^^^^^^
  File "F:\saiha\alaina\saiha\agents\analysis_planner.py", line 24, in create_plan
    tools_description = json.dumps(tools_meta, indent=2)
                        ^^^^^^^^^^^^^^^^^^^^^^^^^^^^^^^^
  File "C:\Users\Lenovo\AppData\Local\Programs\Python\Python311\Lib\json\__init__.py", line 238, in dumps
    **kw).encode(obj)
          ^^^^^^^^^^^
  File "C:\Users\Lenovo\AppData\Local\Programs\Python\Python311\Lib\json\encoder.py", line 202, in encode
    chunks = list(chunks)
             ^^^^^^^^^^^^
  File "C:\Users\Lenovo\AppData\Local\Programs\Python\Python311\Lib\json\encoder.py", line 430, in _iterencode
    yield from _iterencode_list(o, _current_indent_level)
  File "C:\Users\Lenovo\AppData\Local\Programs\Python\Python311\Lib\json\encoder.py", line 326, in _iterencode_list
    yield from chunks
  File "C:\Users\Lenovo\AppData\Local\Programs\Python\Python311\Lib\json\encoder.py", line 406, in _iterencode_dict
    yield from chunks
  File "C:\Users\Lenovo\AppData\Local\Programs\Python\Python311\Lib\json\encoder.py", line 439, in _iterencode
    o = _default(o)
        ^^^^^^^^^^^
  File "C:\Users\Lenovo\AppData\Local\Programs\Python\Python311\Lib\json\encoder.py", line 180, in default
    raise TypeError(f'Object of type {o.__class__.__name__} '
TypeError: Object of type property is not JSON serializable

During handling of the above exception, another exception occurred:

Traceback (most recent call last):
  File "f:\saiha\venv\Lib\site-packages\asgiref\sync.py", line 557, in thread_handler
    raise exc_info[1]
  File "f:\saiha\venv\Lib\site-packages\django\core\handlers\exception.py", line 42, in inner
    response = await get_response(request)
               ^^^^^^^^^^^^^^^^^^^^^^^^^^^
  File "f:\saiha\venv\Lib\site-packages\asgiref\sync.py", line 557, in thread_handler
    raise exc_info[1]
  File "f:\saiha\venv\Lib\site-packages\django\core\handlers\base.py", line 253, in _get_response_async
    response = await wrapped_callback(
               ^^^^^^^^^^^^^^^^^^^^^^^
  File "f:\saiha\venv\Lib\site-packages\asgiref\sync.py", line 506, in __call__
    ret = await asyncio.shield(exec_coro)
          ^^^^^^^^^^^^^^^^^^^^^^^^^^^^^^^
  File "C:\Users\Lenovo\AppData\Local\Programs\Python\Python311\Lib\concurrent\futures\thread.py", line 58, in run
    result = self.fn(*self.args, **self.kwargs)
             ^^^^^^^^^^^^^^^^^^^^^^^^^^^^^^^^^^
  File "f:\saiha\venv\Lib\site-packages\asgiref\sync.py", line 561, in thread_handler
    return func(*args, **kwargs)
           ^^^^^^^^^^^^^^^^^^^^^
  File "f:\saiha\venv\Lib\site-packages\django\views\decorators\csrf.py", line 65, in _view_wrapper
    return view_func(request, *args, **kwargs)
           ^^^^^^^^^^^^^^^^^^^^^^^^^^^^^^^^^^^
  File "f:\saiha\venv\Lib\site-packages\django\contrib\auth\decorators.py", line 59, in _view_wrapper
    return view_func(request, *args, **kwargs)
           ^^^^^^^^^^^^^^^^^^^^^^^^^^^^^^^^^^^
  File "F:\saiha\alaina\saiha\views.py", line 157, in api_chat_analysis
    logger.error(f"Chat API Error: {e}", exc_info=True)
    ^^^^^^
NameError: name 'logger' is not defined
ERROR 2026-04-05 23:08:54,731 log 12084 13096 Internal Server Error: /api/chat-analysis/
ERROR 2026-04-05 23:12:55,282 log 12084 15240 Internal Server Error: /api/chat-analysis/
ERROR 2026-04-05 23:18:02,789 log 21680 16928 Internal Server Error: /api/chat-analysis/
ERROR 2026-04-05 23:20:51,145 log 21680 15448 Internal Server Error: /api/chat-analysis/
