ERROR 2026-04-06 11:54:02,201 base_tool 8704 9876 Error in tool recommendations: 'RecommendationsTool' object has no attribute 'log_error'
Traceback (most recent call last):
  File "F:\saiha\alaina\saiha\analysis_tools\recommendations_tool.py", line 27, in execute
    self.validate_dataset_requirement()
    ^^^^^^^^^^^^^^^^^^^^^^^^^^^^^^^^^
AttributeError: 'RecommendationsTool' object has no attribute 'validate_dataset_requirement'

During handling of the above exception, another exception occurred:

Traceback (most recent call last):
  File "F:\saiha\alaina\saiha\analysis_tools\base_tool.py", line 68, in validate_and_run
    legacy_result = self.execute(query="", **validated_params)
                    ^^^^^^^^^^^^^^^^^^^^^^^^^^^^^^^^^^^^^^^^^^
  File "F:\saiha\alaina\saiha\analysis_tools\recommendations_tool.py", line 63, in execute
    self.log_error(e)
    ^^^^^^^^^^^^^^
AttributeError: 'RecommendationsTool' object has no attribute 'log_error'
ERROR 2026-04-06 12:07:20,423 base_tool 4408 16904 Error in tool dataset_overview: 'DatasetOverviewTool' object has no attribute 'log_error'
Traceback (most recent call last):
  File "F:\saiha\alaina\saiha\analysis_tools\dataset_overview_tool.py", line 31, in execute
    self.validate_dataset_requirement()
    ^^^^^^^^^^^^^^^^^^^^^^^^^^^^^^^^^
AttributeError: 'DatasetOverviewTool' object has no attribute 'validate_dataset_requirement'

During handling of the above exception, another exception occurred:

Traceback (most recent call last):
  File "F:\saiha\alaina\saiha\analysis_tools\base_tool.py", line 68, in validate_and_run
    legacy_result = self.execute(query="", **validated_params)
                    ^^^^^^^^^^^^^^^^^^^^^^^^^^^^^^^^^^^^^^^^^^
  File "F:\saiha\alaina\saiha\analysis_tools\dataset_overview_tool.py", line 100, in execute
    self.log_error(e)
    ^^^^^^^^^^^^^^
AttributeError: 'DatasetOverviewTool' object has no attribute 'log_error'
ERROR 2026-04-06 12:43:23,564 base_tool 20240 10084 Error in tool statistical_analysis: 'str' object has no attribute 'get'
Traceback (most recent call last):
  File "F:\saiha\alaina\saiha\analysis_tools\base_tool.py", line 85, in validate_and_run
    return self._normalize_legacy_result(legacy_result)
           ^^^^^^^^^^^^^^^^^^^^^^^^^^^^^^^^^^^^^^^^^^^^
  File "F:\saiha\alaina\saiha\analysis_tools\base_tool.py", line 96, in _normalize_legacy_result
    status = "success" if result.get('status') in ['ok', 'success'] or result.get('success') else "error"
                          ^^^^^^^^^^
AttributeError: 'str' object has no attribute 'get'
ERROR 2026-04-06 17:37:26,713 base_tool 1640 1676 Legacy error in box_plot: Tool requires an active dataset.
Traceback (most recent call last):
  File "F:\saiha\alaina\saiha\analysis_tools\box_plot_tool.py", line 43, in execute
    df = self.load_dataset()
         ^^^^^^^^^^^^^^^^^^^
  File "F:\saiha\alaina\saiha\analysis_tools\base_tool.py", line 175, in load_dataset
    raise ValueError("Tool requires an active dataset.")
ValueError: Tool requires an active dataset.
ERROR 2026-04-06 17:37:26,714 base_tool 1640 1676 Legacy error in histogram: Tool requires an active dataset.
Traceback (most recent call last):
  File "F:\saiha\alaina\saiha\analysis_tools\histogram_tool.py", line 44, in execute
    df = self.load_dataset()
         ^^^^^^^^^^^^^^^^^^^
  File "F:\saiha\alaina\saiha\analysis_tools\base_tool.py", line 175, in load_dataset
    raise ValueError("Tool requires an active dataset.")
ValueError: Tool requires an active dataset.
ERROR 2026-04-06 17:37:26,718 base_tool 1640 1676 Legacy error in outlier_detection: Tool requires an active dataset.
Traceback (most recent call last):
  File "F:\saiha\alaina\saiha\analysis_tools\outlier_detection_tool.py", line 99, in execute
    df_full = self.load_dataset()
              ^^^^^^^^^^^^^^^^^^^
  File "F:\saiha\alaina\saiha\analysis_tools\base_tool.py", line 175, in load_dataset
    raise ValueError("Tool requires an active dataset.")
ValueError: Tool requires an active dataset.
ERROR 2026-04-06 17:37:26,721 base_tool 1640 1676 Legacy error in scatter_plot: Tool requires an active dataset.
Traceback (most recent call last):
  File "F:\saiha\alaina\saiha\analysis_tools\scatter_plot_tool.py", line 47, in execute
    df = self.load_dataset()
         ^^^^^^^^^^^^^^^^^^^
  File "F:\saiha\alaina\saiha\analysis_tools\base_tool.py", line 175, in load_dataset
    raise ValueError("Tool requires an active dataset.")
ValueError: Tool requires an active dataset.
ERROR 2026-04-06 19:12:07,491 base_tool 19828 21176 Legacy error in one_way_anova: 'OneWayAnovaTool' object has no attribute 'clean_column_names'
Traceback (most recent call last):
  File "F:\saiha\alaina\saiha\analysis_tools\one_way_anova_tool.py", line 107, in execute
    clean_dependent, clean_group = self.clean_column_names([dependent_var, group_var])
                                   ^^^^^^^^^^^^^^^^^^^^^^^
AttributeError: 'OneWayAnovaTool' object has no attribute 'clean_column_names'
ERROR 2026-04-06 19:12:07,747 base_tool 19828 21176 Legacy error in one_way_anova: 'OneWayAnovaTool' object has no attribute 'clean_column_names'
Traceback (most recent call last):
  File "F:\saiha\alaina\saiha\analysis_tools\one_way_anova_tool.py", line 107, in execute
    clean_dependent, clean_group = self.clean_column_names([dependent_var, group_var])
                                   ^^^^^^^^^^^^^^^^^^^^^^^
AttributeError: 'OneWayAnovaTool' object has no attribute 'clean_column_names'
ERROR 2026-04-06 19:12:07,920 base_tool 19828 21176 Legacy error in one_way_anova: 'OneWayAnovaTool' object has no attribute 'clean_column_names'
Traceback (most recent call last):
  File "F:\saiha\alaina\saiha\analysis_tools\one_way_anova_tool.py", line 107, in execute
    clean_dependent, clean_group = self.clean_column_names([dependent_var, group_var])
                                   ^^^^^^^^^^^^^^^^^^^^^^^
AttributeError: 'OneWayAnovaTool' object has no attribute 'clean_column_names'
ERROR 2026-04-06 19:12:08,112 base_tool 19828 21176 Legacy error in one_way_anova: 'OneWayAnovaTool' object has no attribute 'clean_column_names'
Traceback (most recent call last):
  File "F:\saiha\alaina\saiha\analysis_tools\one_way_anova_tool.py", line 107, in execute
    clean_dependent, clean_group = self.clean_column_names([dependent_var, group_var])
                                   ^^^^^^^^^^^^^^^^^^^^^^^
AttributeError: 'OneWayAnovaTool' object has no attribute 'clean_column_names'
ERROR 2026-04-06 19:12:08,413 base_tool 19828 21176 Legacy error in one_way_anova: 'OneWayAnovaTool' object has no attribute 'clean_column_names'
Traceback (most recent call last):
  File "F:\saiha\alaina\saiha\analysis_tools\one_way_anova_tool.py", line 107, in execute
    clean_dependent, clean_group = self.clean_column_names([dependent_var, group_var])
                                   ^^^^^^^^^^^^^^^^^^^^^^^
AttributeError: 'OneWayAnovaTool' object has no attribute 'clean_column_names'
ERROR 2026-04-06 19:12:08,592 base_tool 19828 21176 Legacy error in one_way_anova: 'OneWayAnovaTool' object has no attribute 'clean_column_names'
Traceback (most recent call last):
  File "F:\saiha\alaina\saiha\analysis_tools\one_way_anova_tool.py", line 107, in execute
    clean_dependent, clean_group = self.clean_column_names([dependent_var, group_var])
                                   ^^^^^^^^^^^^^^^^^^^^^^^
AttributeError: 'OneWayAnovaTool' object has no attribute 'clean_column_names'
ERROR 2026-04-06 19:12:08,745 base_tool 19828 21176 Legacy error in one_way_anova: 'OneWayAnovaTool' object has no attribute 'clean_column_names'
Traceback (most recent call last):
  File "F:\saiha\alaina\saiha\analysis_tools\one_way_anova_tool.py", line 107, in execute
    clean_dependent, clean_group = self.clean_column_names([dependent_var, group_var])
                                   ^^^^^^^^^^^^^^^^^^^^^^^
AttributeError: 'OneWayAnovaTool' object has no attribute 'clean_column_names'
ERROR 2026-04-06 19:12:08,909 base_tool 19828 21176 Legacy error in one_way_anova: 'OneWayAnovaTool' object has no attribute 'clean_column_names'
Traceback (most recent call last):
  File "F:\saiha\alaina\saiha\analysis_tools\one_way_anova_tool.py", line 107, in execute
    clean_dependent, clean_group = self.clean_column_names([dependent_var, group_var])
                                   ^^^^^^^^^^^^^^^^^^^^^^^
AttributeError: 'OneWayAnovaTool' object has no attribute 'clean_column_names'
ERROR 2026-04-06 19:12:09,177 base_tool 19828 21176 Legacy error in one_way_anova: 'OneWayAnovaTool' object has no attribute 'clean_column_names'
Traceback (most recent call last):
  File "F:\saiha\alaina\saiha\analysis_tools\one_way_anova_tool.py", line 107, in execute
    clean_dependent, clean_group = self.clean_column_names([dependent_var, group_var])
                                   ^^^^^^^^^^^^^^^^^^^^^^^
AttributeError: 'OneWayAnovaTool' object has no attribute 'clean_column_names'
ERROR 2026-04-06 19:12:09,432 base_tool 19828 21176 Legacy error in one_way_anova: 'OneWayAnovaTool' object has no attribute 'clean_column_names'
Traceback (most recent call last):
  File "F:\saiha\alaina\saiha\analysis_tools\one_way_anova_tool.py", line 107, in execute
    clean_dependent, clean_group = self.clean_column_names([dependent_var, group_var])
                                   ^^^^^^^^^^^^^^^^^^^^^^^
AttributeError: 'OneWayAnovaTool' object has no attribute 'clean_column_names'
ERROR 2026-04-06 19:12:09,630 base_tool 19828 21176 Legacy error in one_way_anova: 'OneWayAnovaTool' object has no attribute 'clean_column_names'
Traceback (most recent call last):
  File "F:\saiha\alaina\saiha\analysis_tools\one_way_anova_tool.py", line 107, in execute
    clean_dependent, clean_group = self.clean_column_names([dependent_var, group_var])
                                   ^^^^^^^^^^^^^^^^^^^^^^^
AttributeError: 'OneWayAnovaTool' object has no attribute 'clean_column_names'
ERROR 2026-04-06 19:12:09,814 base_tool 19828 21176 Legacy error in one_way_anova: 'OneWayAnovaTool' object has no attribute 'clean_column_names'
Traceback (most recent call last):
  File "F:\saiha\alaina\saiha\analysis_tools\one_way_anova_tool.py", line 107, in execute
    clean_dependent, clean_group = self.clean_column_names([dependent_var, group_var])
                                   ^^^^^^^^^^^^^^^^^^^^^^^
AttributeError: 'OneWayAnovaTool' object has no attribute 'clean_column_names'
ERROR 2026-04-06 19:12:10,041 base_tool 19828 21176 Legacy error in one_way_anova: 'OneWayAnovaTool' object has no attribute 'clean_column_names'
Traceback (most recent call last):
  File "F:\saiha\alaina\saiha\analysis_tools\one_way_anova_tool.py", line 107, in execute
    clean_dependent, clean_group = self.clean_column_names([dependent_var, group_var])
                                   ^^^^^^^^^^^^^^^^^^^^^^^
AttributeError: 'OneWayAnovaTool' object has no attribute 'clean_column_names'
ERROR 2026-04-06 19:12:10,253 base_tool 19828 21176 Legacy error in one_way_anova: 'OneWayAnovaTool' object has no attribute 'clean_column_names'
Traceback (most recent call last):
  File "F:\saiha\alaina\saiha\analysis_tools\one_way_anova_tool.py", line 107, in execute
    clean_dependent, clean_group = self.clean_column_names([dependent_var, group_var])
                                   ^^^^^^^^^^^^^^^^^^^^^^^
AttributeError: 'OneWayAnovaTool' object has no attribute 'clean_column_names'
ERROR 2026-04-06 19:12:10,462 base_tool 19828 21176 Legacy error in one_way_anova: 'OneWayAnovaTool' object has no attribute 'clean_column_names'
Traceback (most recent call last):
  File "F:\saiha\alaina\saiha\analysis_tools\one_way_anova_tool.py", line 107, in execute
    clean_dependent, clean_group = self.clean_column_names([dependent_var, group_var])
                                   ^^^^^^^^^^^^^^^^^^^^^^^
AttributeError: 'OneWayAnovaTool' object has no attribute 'clean_column_names'
ERROR 2026-04-06 19:12:10,661 base_tool 19828 21176 Legacy error in one_way_anova: 'OneWayAnovaTool' object has no attribute 'clean_column_names'
Traceback (most recent call last):
  File "F:\saiha\alaina\saiha\analysis_tools\one_way_anova_tool.py", line 107, in execute
    clean_dependent, clean_group = self.clean_column_names([dependent_var, group_var])
                                   ^^^^^^^^^^^^^^^^^^^^^^^
AttributeError: 'OneWayAnovaTool' object has no attribute 'clean_column_names'
ERROR 2026-04-06 19:12:10,882 base_tool 19828 21176 Legacy error in one_way_anova: 'OneWayAnovaTool' object has no attribute 'clean_column_names'
Traceback (most recent call last):
  File "F:\saiha\alaina\saiha\analysis_tools\one_way_anova_tool.py", line 107, in execute
    clean_dependent, clean_group = self.clean_column_names([dependent_var, group_var])
                                   ^^^^^^^^^^^^^^^^^^^^^^^
AttributeError: 'OneWayAnovaTool' object has no attribute 'clean_column_names'
ERROR 2026-04-06 19:12:11,083 base_tool 19828 21176 Legacy error in one_way_anova: 'OneWayAnovaTool' object has no attribute 'clean_column_names'
Traceback (most recent call last):
  File "F:\saiha\alaina\saiha\analysis_tools\one_way_anova_tool.py", line 107, in execute
    clean_dependent, clean_group = self.clean_column_names([dependent_var, group_var])
                                   ^^^^^^^^^^^^^^^^^^^^^^^
AttributeError: 'OneWayAnovaTool' object has no attribute 'clean_column_names'
ERROR 2026-04-06 19:12:11,337 base_tool 19828 21176 Legacy error in one_way_anova: 'OneWayAnovaTool' object has no attribute 'clean_column_names'
Traceback (most recent call last):
  File "F:\saiha\alaina\saiha\analysis_tools\one_way_anova_tool.py", line 107, in execute
    clean_dependent, clean_group = self.clean_column_names([dependent_var, group_var])
                                   ^^^^^^^^^^^^^^^^^^^^^^^
AttributeError: 'OneWayAnovaTool' object has no attribute 'clean_column_names'
ERROR 2026-04-06 19:12:11,661 base_tool 19828 21176 Legacy error in one_way_anova: 'OneWayAnovaTool' object has no attribute 'clean_column_names'
Traceback (most recent call last):
  File "F:\saiha\alaina\saiha\analysis_tools\one_way_anova_tool.py", line 107, in execute
    clean_dependent, clean_group = self.clean_column_names([dependent_var, group_var])
                                   ^^^^^^^^^^^^^^^^^^^^^^^
AttributeError: 'OneWayAnovaTool' object has no attribute 'clean_column_names'
ERROR 2026-04-06 19:12:11,911 base_tool 19828 21176 Legacy error in one_way_anova: 'OneWayAnovaTool' object has no attribute 'clean_column_names'
Traceback (most recent call last):
  File "F:\saiha\alaina\saiha\analysis_tools\one_way_anova_tool.py", line 107, in execute
    clean_dependent, clean_group = self.clean_column_names([dependent_var, group_var])
                                   ^^^^^^^^^^^^^^^^^^^^^^^
AttributeError: 'OneWayAnovaTool' object has no attribute 'clean_column_names'
ERROR 2026-04-06 19:12:12,124 base_tool 19828 21176 Legacy error in one_way_anova: 'OneWayAnovaTool' object has no attribute 'clean_column_names'
Traceback (most recent call last):
  File "F:\saiha\alaina\saiha\analysis_tools\one_way_anova_tool.py", line 107, in execute
    clean_dependent, clean_group = self.clean_column_names([dependent_var, group_var])
                                   ^^^^^^^^^^^^^^^^^^^^^^^
AttributeError: 'OneWayAnovaTool' object has no attribute 'clean_column_names'
ERROR 2026-04-07 12:12:43,178 base_tool 20284 5652 Legacy error in precision_analysis: setting an array element with a sequence. The requested array has an inhomogeneous shape after 1 dimensions. The detected shape was (50,) + inhomogeneous part.
Traceback (most recent call last):
  File "F:\saiha\alaina\saiha\analysis_tools\precision_analysis_tool.py", line 171, in execute
    ax.plot(n_range, effects, label=f'MDE at {power*100:.0f}% Power', color='purple')
  File "F:\saiha\venv\Lib\site-packages\matplotlib\axes\_axes.py", line 1777, in plot
    lines = [*self._get_lines(self, *args, data=data, **kwargs)]
            ^^^^^^^^^^^^^^^^^^^^^^^^^^^^^^^^^^^^^^^^^^^^^^^^^^^^
  File "F:\saiha\venv\Lib\site-packages\matplotlib\axes\_base.py", line 297, in __call__
    yield from self._plot_args(
               ^^^^^^^^^^^^^^^^
  File "F:\saiha\venv\Lib\site-packages\matplotlib\axes\_base.py", line 484, in _plot_args
    y = _check_1d(xy[1])
        ^^^^^^^^^^^^^^^^
  File "F:\saiha\venv\Lib\site-packages\matplotlib\cbook.py", line 1368, in _check_1d
    return np.atleast_1d(x)
           ^^^^^^^^^^^^^^^^
  File "F:\saiha\venv\Lib\site-packages\numpy\_core\shape_base.py", line 61, in atleast_1d
    result = asanyarray(arys[0])
             ^^^^^^^^^^^^^^^^^^^
ValueError: setting an array element with a sequence. The requested array has an inhomogeneous shape after 1 dimensions. The detected shape was (50,) + inhomogeneous part.
